SF:lib/common/result.dart
DA:13,2
DA:21,0
DA:23,2
DA:25,0
DA:27,2
DA:29,1
DA:30,1
DA:35,1
DA:36,1
DA:43,0
DA:47,0
DA:49,0
DA:51,0
DA:53,0
DA:56,0
DA:60,0
DA:63,0
DA:65,0
DA:69,0
DA:73,0
DA:75,0
DA:77,0
DA:79,0
DA:80,0
DA:83,0
DA:89,0
DA:90,0
DA:91,0
DA:94,0
DA:98,0
DA:102,0
DA:104,0
DA:106,0
DA:109,0
DA:111,0
DA:115,0
DA:116,0
DA:117,0
DA:120,0
DA:124,0
DA:128,0
DA:132,0
DA:134,0
DA:135,0
DA:138,0
DA:142,0
DA:144,0
DA:145,0
DA:146,0
DA:149,0
DA:153,0
DA:154,0
DA:155,0
DA:158,0
DA:160,0
DA:161,0
DA:162,0
DA:167,0
DA:168,0
DA:173,2
DA:179,0
DA:183,1
DA:188,0
DA:190,0
DA:195,0
DA:201,0
DA:203,0
DA:208,1
DA:212,0
DA:216,0
DA:219,0
DA:223,0
DA:226,0
DA:230,0
DA:233,0
DA:236,0
DA:241,0
DA:242,0
DA:244,0
DA:245,0
DA:246,0
DA:247,0
DA:248,0
DA:250,0
DA:251,0
DA:252,0
DA:253,0
DA:255,0
DA:256,0
DA:261,0
DA:266,0
DA:268,0
DA:270,0
DA:273,0
DA:274,0
DA:275,0
DA:276,0
DA:278,0
DA:279,0
DA:280,0
DA:281,0
DA:283,0
DA:284,0
DA:289,0
LF:104
LH:10
end_of_record
SF:lib/common/use_case/pokemons_use_case.dart
DA:8,1
DA:10,1
DA:14,2
DA:17,2
LF:4
LH:4
end_of_record
SF:lib/api/repository/pokemons/model/pokemons.dart
DA:14,0
DA:15,0
DA:19,0
DA:21,0
DA:22,0
LF:5
LH:0
end_of_record
SF:lib/api/repository/pokemons/model/pokemons.g.dart
DA:9,0
DA:10,0
DA:11,0
DA:12,0
DA:15,0
DA:16,0
DA:17,0
DA:18,0
LF:8
LH:0
end_of_record
SF:lib/api/repository/pokemons/model/pokemons_response.dart
DA:17,0
DA:18,0
LF:2
LH:0
end_of_record
SF:lib/api/repository/pokemons/model/pokemons_response.g.dart
DA:9,0
DA:11,0
DA:12,0
DA:13,0
DA:14,0
DA:15,0
DA:16,0
DA:17,0
DA:20,0
DA:22,0
DA:23,0
DA:24,0
DA:25,0
DA:26,0
LF:14
LH:0
end_of_record
SF:lib/api/repository/pokemon_favorite/model/pokemon_favorite_hive.dart
DA:7,0
DA:18,0
DA:20,0
DA:21,0
LF:4
LH:0
end_of_record
SF:lib/api/repository/pokemon_favorite/model/pokemon_favorite_hive.g.dart
DA:13,0
DA:15,0
DA:16,0
DA:17,0
DA:19,0
DA:20,0
DA:21,0
DA:25,0
DA:28,0
DA:29,0
DA:30,0
DA:31,0
DA:32,0
DA:35,0
DA:36,0
DA:38,0
DA:41,0
DA:42,0
DA:43,0
LF:19
LH:0
end_of_record
SF:lib/api/repository/pokemon_favorite/pokemon_favorite_storage.dart
DA:9,0
DA:13,0
DA:16,0
DA:19,0
DA:21,0
DA:25,0
DA:26,0
DA:28,0
DA:29,0
DA:30,0
DA:35,0
DA:36,0
DA:38,0
DA:42,0
DA:43,0
DA:45,0
DA:46,0
DA:47,0
DA:52,0
DA:53,0
DA:55,0
DA:59,0
DA:60,0
DA:62,0
DA:63,0
DA:64,0
DA:69,0
DA:70,0
DA:72,0
DA:76,0
DA:77,0
DA:79,0
DA:82,0
DA:84,0
DA:86,0
DA:87,0
DA:88,0
DA:93,0
DA:94,0
DA:96,0
LF:40
LH:0
end_of_record
SF:lib/api/repository/mixin/result_to_response.dart
DA:6,0
DA:10,0
DA:11,0
DA:12,0
DA:13,0
DA:14,0
DA:16,0
DA:17,0
DA:18,0
DA:19,0
DA:20,0
DA:24,0
DA:25,0
DA:28,0
DA:29,0
DA:30,0
DA:36,0
DA:37,0
DA:38,0
LF:19
LH:0
end_of_record
SF:lib/api/repository/pokemons/pokemons_repository.dart
DA:7,0
DA:11,0
DA:13,0
DA:15,0
DA:16,0
LF:5
LH:0
end_of_record
SF:lib/api/repository/pokemons/pokemons_remote_service.dart
DA:7,0
DA:9,0
DA:11,0
DA:13,0
DA:17,0
DA:20,0
DA:21,0
DA:22,0
DA:23,0
LF:9
LH:0
end_of_record
SF:lib/common/use_case/pokemon_favorite_use_case.dart
DA:9,0
DA:10,0
DA:12,0
DA:14,0
DA:15,0
DA:18,0
DA:19,0
DA:20,0
DA:21,0
DA:22,0
DA:26,0
DA:27,0
DA:30,0
DA:31,0
DA:34,0
DA:35,0
DA:38,0
DA:39,0
LF:18
LH:0
end_of_record
SF:lib/database/database.dart
DA:10,0
DA:12,0
DA:17,0
DA:20,0
DA:22,0
DA:25,0
DA:27,0
DA:29,0
DA:34,0
DA:35,0
DA:36,0
DA:37,0
DA:43,0
DA:44,0
DA:45,0
DA:51,1
DA:57,1
DA:59,0
DA:61,0
LF:19
LH:2
end_of_record
